This is XeTeX, Version 3.14159265-2.6-0.99998 (TeX Live 2017) (preloaded format=xelatex 2017.8.31)  11 JAN 2018 13:29
entering extended mode
 restricted \write18 enabled.
 %&-line parsing enabled.
**report.tex
(./report.tex
LaTeX2e <2017-04-15>
Babel <3.10> and hyphenation patterns for 84 language(s) loaded.
(/usr/local/texlive/2017/texmf-dist/tex/latex/base/book.cls
Document Class: book 2014/09/29 v1.4h Standard LaTeX document class
(/usr/local/texlive/2017/texmf-dist/tex/latex/base/bk11.clo
File: bk11.clo 2014/09/29 v1.4h Standard LaTeX file (size option)
)
\c@part=\count79
\c@chapter=\count80
\c@section=\count81
\c@subsection=\count82
\c@subsubsection=\count83
\c@paragraph=\count84
\c@subparagraph=\count85
\c@figure=\count86
\c@table=\count87
\abovecaptionskip=\skip41
\belowcaptionskip=\skip42
\bibindent=\dimen102
)
(/usr/local/texlive/2017/texmf-dist/tex/latex/graphics/graphicx.sty
Package: graphicx 2014/10/28 v1.0g Enhanced LaTeX Graphics (DPC,SPQR)

(/usr/local/texlive/2017/texmf-dist/tex/latex/graphics/keyval.sty
Package: keyval 2014/10/28 v1.15 key=value parser (DPC)
\KV@toks@=\toks14
)
(/usr/local/texlive/2017/texmf-dist/tex/latex/graphics/graphics.sty
Package: graphics 2017/04/14 v1.1b Standard LaTeX Graphics (DPC,SPQR)

(/usr/local/texlive/2017/texmf-dist/tex/latex/graphics/trig.sty
Package: trig 2016/01/03 v1.10 sin cos tan (DPC)
)
(/usr/local/texlive/2017/texmf-dist/tex/latex/graphics-cfg/graphics.cfg
File: graphics.cfg 2016/06/04 v1.11 sample graphics configuration
)
Package graphics Info: Driver file: xetex.def on input line 99.

(/usr/local/texlive/2017/texmf-dist/tex/latex/graphics-def/xetex.def
File: xetex.def 2016/07/11 v4.10 LaTeX color/graphics driver for XeTeX (L3/RRM/
JK)
))
\Gin@req@height=\dimen103
\Gin@req@width=\dimen104
)
(/usr/local/texlive/2017/texmf-dist/tex/latex/caption/caption.sty
Package: caption 2016/02/21 v3.3-144 Customizing captions (AR)

(/usr/local/texlive/2017/texmf-dist/tex/latex/caption/caption3.sty
Package: caption3 2016/05/22 v1.7-166 caption3 kernel (AR)
Package caption3 Info: TeX engine: e-TeX on input line 67.
\captionmargin=\dimen105
\captionmargin@=\dimen106
\captionwidth=\dimen107
\caption@tempdima=\dimen108
\caption@indent=\dimen109
\caption@parindent=\dimen110
\caption@hangindent=\dimen111
)
\c@ContinuedFloat=\count88
)
(/usr/local/texlive/2017/texmf-dist/tex/latex/graphics/color.sty
Package: color 2016/07/10 v1.1e Standard LaTeX Color (DPC)

(/usr/local/texlive/2017/texmf-dist/tex/latex/graphics-cfg/color.cfg
File: color.cfg 2016/01/02 v1.6 sample color configuration
)
Package color Info: Driver file: xetex.def on input line 147.
)
(/usr/local/texlive/2017/texmf-dist/tex/latex/amsfonts/amssymb.sty
Package: amssymb 2013/01/14 v3.01 AMS font symbols

(/usr/local/texlive/2017/texmf-dist/tex/latex/amsfonts/amsfonts.sty
Package: amsfonts 2013/01/14 v3.01 Basic AMSFonts support
\@emptytoks=\toks15
\symAMSa=\mathgroup4
\symAMSb=\mathgroup5
LaTeX Font Info:    Overwriting math alphabet `\mathfrak' in version `bold'
(Font)                  U/euf/m/n --> U/euf/b/n on input line 106.
))
(/usr/local/texlive/2017/texmf-dist/tex/latex/amsmath/amsmath.sty
Package: amsmath 2016/11/05 v2.16a AMS math features
\@mathmargin=\skip43

For additional information on amsmath, use the `?' option.
(/usr/local/texlive/2017/texmf-dist/tex/latex/amsmath/amstext.sty
Package: amstext 2000/06/29 v2.01 AMS text

(/usr/local/texlive/2017/texmf-dist/tex/latex/amsmath/amsgen.sty
File: amsgen.sty 1999/11/30 v2.0 generic functions
\@emptytoks=\toks16
\ex@=\dimen112
))
(/usr/local/texlive/2017/texmf-dist/tex/latex/amsmath/amsbsy.sty
Package: amsbsy 1999/11/29 v1.2d Bold Symbols
\pmbraise@=\dimen113
)
(/usr/local/texlive/2017/texmf-dist/tex/latex/amsmath/amsopn.sty
Package: amsopn 2016/03/08 v2.02 operator names
)
\inf@bad=\count89
LaTeX Info: Redefining \frac on input line 213.
\uproot@=\count90
\leftroot@=\count91
LaTeX Info: Redefining \overline on input line 375.
\classnum@=\count92
\DOTSCASE@=\count93
LaTeX Info: Redefining \ldots on input line 472.
LaTeX Info: Redefining \dots on input line 475.
LaTeX Info: Redefining \cdots on input line 596.
\Mathstrutbox@=\box26
\strutbox@=\box27
\big@size=\dimen114
LaTeX Font Info:    Redeclaring font encoding OML on input line 712.
LaTeX Font Info:    Redeclaring font encoding OMS on input line 713.
\macc@depth=\count94
\c@MaxMatrixCols=\count95
\dotsspace@=\muskip10
\c@parentequation=\count96
\dspbrk@lvl=\count97
\tag@help=\toks17
\row@=\count98
\column@=\count99
\maxfields@=\count100
\andhelp@=\toks18
\eqnshift@=\dimen115
\alignsep@=\dimen116
\tagshift@=\dimen117
\tagwidth@=\dimen118
\totwidth@=\dimen119
\lineht@=\dimen120
\@envbody=\toks19
\multlinegap=\skip44
\multlinetaggap=\skip45
\mathdisplay@stack=\toks20
LaTeX Info: Redefining \[ on input line 2817.
LaTeX Info: Redefining \] on input line 2818.
)
(/usr/local/texlive/2017/texmf-dist/tex/latex/tools/array.sty
Package: array 2016/10/06 v2.4d Tabular extension package (FMi)
\col@sep=\dimen121
\extrarowheight=\dimen122
\NC@list=\toks21
\extratabsurround=\skip46
\backup@length=\skip47
)
(/usr/local/texlive/2017/texmf-dist/tex/latex/url/url.sty
\Urlmuskip=\muskip11
Package: url 2013/09/16  ver 3.4  Verb mode for urls, etc.
)
(/usr/local/texlive/2017/texmf-dist/tex/latex/enumitem/enumitem.sty
Package: enumitem 2011/09/28 v3.5.2 Customized lists
\labelindent=\skip48
\enit@outerparindent=\dimen123
\enit@toks=\toks22
\enit@inbox=\box28
\enitdp@description=\count101
)
(/usr/local/texlive/2017/texmf-dist/tex/latex/listings/listings.sty
\lst@mode=\count102
\lst@gtempboxa=\box29
\lst@token=\toks23
\lst@length=\count103
\lst@currlwidth=\dimen124
\lst@column=\count104
\lst@pos=\count105
\lst@lostspace=\dimen125
\lst@width=\dimen126
\lst@newlines=\count106
\lst@lineno=\count107
\lst@maxwidth=\dimen127

(/usr/local/texlive/2017/texmf-dist/tex/latex/listings/lstmisc.sty
File: lstmisc.sty 2015/06/04 1.6 (Carsten Heinz)
\c@lstnumber=\count108
\lst@skipnumbers=\count109
\lst@framebox=\box30
)
(/usr/local/texlive/2017/texmf-dist/tex/latex/listings/listings.cfg
File: listings.cfg 2015/06/04 1.6 listings configuration
))
Package: listings 2015/06/04 1.6 (Carsten Heinz)

(./report.aux)
\openout1 = `report.aux'.

LaTeX Font Info:    Checking defaults for OML/cmm/m/it on input line 9.
LaTeX Font Info:    ... okay on input line 9.
LaTeX Font Info:    Checking defaults for T1/cmr/m/n on input line 9.
LaTeX Font Info:    ... okay on input line 9.
LaTeX Font Info:    Checking defaults for OT1/cmr/m/n on input line 9.
LaTeX Font Info:    ... okay on input line 9.
LaTeX Font Info:    Checking defaults for OMS/cmsy/m/n on input line 9.
LaTeX Font Info:    ... okay on input line 9.
LaTeX Font Info:    Checking defaults for TU/lmr/m/n on input line 9.
LaTeX Font Info:    ... okay on input line 9.
LaTeX Font Info:    Checking defaults for OMX/cmex/m/n on input line 9.
LaTeX Font Info:    ... okay on input line 9.
LaTeX Font Info:    Checking defaults for U/cmr/m/n on input line 9.
LaTeX Font Info:    ... okay on input line 9.
Package caption Info: Begin \AtBeginDocument code.
Package caption Info: listings package is loaded.
Package caption Info: End \AtBeginDocument code.
\c@lstlisting=\count110
 (./content/cover.tex
File: logo_epfl_coul.eps Graphic file (type eps)
 <logo_epfl_coul.eps>
LaTeX Font Info:    Try loading font information for U+msa on input line 78.

(/usr/local/texlive/2017/texmf-dist/tex/latex/amsfonts/umsa.fd
File: umsa.fd 2013/01/14 v3.01 AMS symbols A
)
LaTeX Font Info:    Try loading font information for U+msb on input line 78.

(/usr/local/texlive/2017/texmf-dist/tex/latex/amsfonts/umsb.fd
File: umsb.fd 2013/01/14 v3.01 AMS symbols B
)) [1

]
(./content/acknowledgement.tex) [2

] (./content/abstract.tex
File: graphic/cothority.pdf Graphic file (type QTm)

<use  "graphic/cothority.pdf" > [3

]) [4] (./report.toc)
\tf@toc=\write3
\openout3 = `report.toc'.


(./content/introduction.tex [5

]
Chapter 1.
[6

]
File: graphic/communication.pdf Graphic file (type QTm)
 <use  "graphic/communication.pdf" >) (./content/background.tex [7]
Chapter 2.
[8

] [9] [10]
File: graphic/cpmac.pdf Graphic file (type QTm)
 <use  "graphic/cpmac.pdf" >) (./content/design.tex [11]
Chapter 3.

Underfull \hbox (badness 10000) in paragraph at lines 9--10
[]\TU/lmr/m/n/10.95 Home
 []


Underfull \hbox (badness 10000) in paragraph at lines 13--14
[]\TU/lmr/m/n/10.95 PoP
 []


Underfull \hbox (badness 10000) in paragraph at lines 15--16
[]\TU/lmr/m/n/10.95 Org
 []


Underfull \hbox (badness 10000) in paragraph at lines 22--23
[]\TU/lmr/m/n/10.95 User
 []

[12

]
Underfull \hbox (badness 10000) in paragraph at lines 26--27
[]\TU/lmr/m/n/10.95 PoP
 []


Underfull \hbox (badness 10000) in paragraph at lines 34--35
[]\TU/lmr/m/n/10.95 User.js
 []


Underfull \hbox (badness 10000) in paragraph at lines 38--40
[]\TU/lmr/m/n/10.95 PoP.js
 []


Underfull \hbox (badness 10000) in paragraph at lines 40--41
[]\TU/lmr/m/n/10.95 Att.js
 []


Underfull \hbox (badness 10000) in paragraph at lines 42--43
[]\TU/lmr/m/n/10.95 Org.js
 []

[13]
Underfull \hbox (badness 10000) in paragraph at lines 50--51
[]\TU/lmr/m/n/10.95 Convert.js
 []


Underfull \hbox (badness 10000) in paragraph at lines 52--53
[]\TU/lmr/m/n/10.95 Crypto.js
 []


Underfull \hbox (badness 10000) in paragraph at lines 54--55
[]\TU/lmr/m/n/10.95 Helper.js
 []


Underfull \hbox (badness 10000) in paragraph at lines 56--57
[]\TU/lmr/m/n/10.95 Net.js
 []


Underfull \hbox (badness 10000) in paragraph at lines 58--59
[]\TU/lmr/m/n/10.95 protobuf/
 []

[14]
File: graphic/dedjs.pdf Graphic file (type QTm)
 <use  "graphic/dedjs.pdf" >) (./content/appuser.tex [15]
Chapter 4.
) (./content/cisc.tex [16

]
Chapter 5.
) (./content/pop.tex [17

]
Chapter 6.
[18

] [19] [20] [21]) (./content/installation.tex [22]
Chapter 7.
[23

]
Overfull \hbox (6.82748pt too wide) in paragraph at lines 42--43
[][][][][][][][][][][][][][][][][][][] 
 []


Underfull \hbox (badness 10000) in paragraph at lines 47--47
[][]$[][][][][] [] [] [] [][][][] [] [][][][][][][][][][][][] [] [][][] [] [][]
[][][] [] [][][][][][][][][][][][] []
 []

[24]) (./content/bugs.tex [25]
Chapter 8.
[26

]
Overfull \hbox (6.82748pt too wide) in paragraph at lines 15--16
[][][][] 
 []


Overfull \hbox (0.25743pt too wide) in paragraph at lines 16--17
[][][][][][][][][][][][][][][][][][][][][][][][][][][][][] 
 []


Overfull \hbox (6.82748pt too wide) in paragraph at lines 23--24
[][][][] 
 []


Overfull \hbox (0.25743pt too wide) in paragraph at lines 24--25
[][][][][][][][][][][][][][][][][][][][][][][][][][][][][] 
 []


Overfull \hbox (59.38791pt too wide) in paragraph at lines 32--33
[][][] 
 []


Overfull \hbox (59.38791pt too wide) in paragraph at lines 41--42
[][][] 
 []


Overfull \hbox (0.25743pt too wide) in paragraph at lines 42--43
[][][][][][][][][][][][][][][][][][][][][][][][][][][][][] 
 []

[27]
Overfull \hbox (32.88222pt too wide) in paragraph at lines 49--50
[]\TU/lmr/m/n/10.95 Find another NativeScript library to replace $[][][][][][][
][][][][][][][][][][][][][][][][][]$ 
 []

) [28] (./report.lof)
\tf@lof=\write4
\openout4 = `report.lof'.

 [29

] (./report.aux) ) 
Here is how much of TeX's memory you used:
 4339 strings out of 493005
 63852 string characters out of 6134596
 147767 words of memory out of 5000000
 8223 multiletter control sequences out of 15000+600000
 10606 words of font info for 57 fonts, out of 8000000 for 9000
 1348 hyphenation exceptions out of 8191
 36i,15n,39p,1937b,1082s stack positions out of 5000i,500n,10000p,200000b,80000s

Output written on report.pdf (29 pages).
